[04-Aug-2024 12:34:24 UTC] PHP Warning:  Attempt to read property "slug" on array in C:\Users\Neda\Local Sites\nathalie-mota\app\public\wp-content\themes\nathaliemota\front-page.php on line 62
[04-Aug-2024 12:34:24 UTC] PHP Warning:  Attempt to read property "name" on array in C:\Users\Neda\Local Sites\nathalie-mota\app\public\wp-content\themes\nathaliemota\front-page.php on line 63
[04-Aug-2024 12:34:24 UTC] PHP Warning:  Attempt to read property "slug" on array in C:\Users\Neda\Local Sites\nathalie-mota\app\public\wp-content\themes\nathaliemota\front-page.php on line 62
[04-Aug-2024 12:34:24 UTC] PHP Warning:  Attempt to read property "name" on array in C:\Users\Neda\Local Sites\nathalie-mota\app\public\wp-content\themes\nathaliemota\front-page.php on line 63
[04-Aug-2024 12:35:01 UTC] PHP Warning:  Attempt to read property "slug" on array in C:\Users\Neda\Local Sites\nathalie-mota\app\public\wp-content\themes\nathaliemota\front-page.php on line 62
[04-Aug-2024 12:35:01 UTC] PHP Warning:  Attempt to read property "name" on array in C:\Users\Neda\Local Sites\nathalie-mota\app\public\wp-content\themes\nathaliemota\front-page.php on line 63
[04-Aug-2024 12:35:01 UTC] PHP Warning:  Attempt to read property "slug" on array in C:\Users\Neda\Local Sites\nathalie-mota\app\public\wp-content\themes\nathaliemota\front-page.php on line 62
[04-Aug-2024 12:35:01 UTC] PHP Warning:  Attempt to read property "name" on array in C:\Users\Neda\Local Sites\nathalie-mota\app\public\wp-content\themes\nathaliemota\front-page.php on line 63
[04-Aug-2024 15:17:29 UTC] PHP Warning:  Attempt to read property "title" on null in C:\Users\Neda\Local Sites\nathalie-mota\app\public\wp-includes\class-wp-customize-widgets.php on line 905
[04-Aug-2024 15:17:47 UTC] PHP Warning:  Attempt to read property "title" on null in C:\Users\Neda\Local Sites\nathalie-mota\app\public\wp-includes\class-wp-customize-widgets.php on line 905
[04-Aug-2024 15:18:07 UTC] PHP Warning:  Attempt to read property "title" on null in C:\Users\Neda\Local Sites\nathalie-mota\app\public\wp-includes\class-wp-customize-widgets.php on line 905
[04-Aug-2024 15:18:48 UTC] PHP Warning:  Attempt to read property "title" on null in C:\Users\Neda\Local Sites\nathalie-mota\app\public\wp-includes\class-wp-customize-widgets.php on line 905
[04-Aug-2024 15:19:40 UTC] PHP Warning:  Attempt to read property "title" on null in C:\Users\Neda\Local Sites\nathalie-mota\app\public\wp-includes\class-wp-customize-widgets.php on line 905
[04-Aug-2024 15:20:01 UTC] PHP Warning:  Attempt to read property "title" on null in C:\Users\Neda\Local Sites\nathalie-mota\app\public\wp-includes\class-wp-customize-widgets.php on line 905
[04-Aug-2024 15:20:23 UTC] PHP Warning:  Attempt to read property "title" on null in C:\Users\Neda\Local Sites\nathalie-mota\app\public\wp-includes\class-wp-customize-widgets.php on line 905
[04-Aug-2024 15:21:17 UTC] PHP Warning:  Attempt to read property "title" on null in C:\Users\Neda\Local Sites\nathalie-mota\app\public\wp-includes\class-wp-customize-widgets.php on line 905
[04-Aug-2024 15:22:40 UTC] PHP Warning:  Attempt to read property "title" on null in C:\Users\Neda\Local Sites\nathalie-mota\app\public\wp-includes\class-wp-customize-widgets.php on line 905
[04-Aug-2024 15:23:28 UTC] PHP Warning:  Attempt to read property "title" on null in C:\Users\Neda\Local Sites\nathalie-mota\app\public\wp-includes\class-wp-customize-widgets.php on line 905
[05-Aug-2024 08:19:35 UTC] PHP Warning:  Attempt to read property "title" on null in C:\Users\Neda\Local Sites\nathalie-mota\app\public\wp-includes\class-wp-customize-widgets.php on line 905
[05-Aug-2024 08:19:54 UTC] PHP Warning:  Attempt to read property "title" on null in C:\Users\Neda\Local Sites\nathalie-mota\app\public\wp-includes\class-wp-customize-widgets.php on line 905
[05-Aug-2024 08:20:45 UTC] PHP Warning:  Attempt to read property "title" on null in C:\Users\Neda\Local Sites\nathalie-mota\app\public\wp-includes\class-wp-customize-widgets.php on line 905
[05-Aug-2024 08:21:38 UTC] PHP Warning:  Attempt to read property "title" on null in C:\Users\Neda\Local Sites\nathalie-mota\app\public\wp-includes\class-wp-customize-widgets.php on line 905
[05-Aug-2024 08:22:02 UTC] PHP Warning:  Attempt to read property "title" on null in C:\Users\Neda\Local Sites\nathalie-mota\app\public\wp-includes\class-wp-customize-widgets.php on line 905
[05-Aug-2024 08:29:58 UTC] PHP Warning:  Attempt to read property "title" on null in C:\Users\Neda\Local Sites\nathalie-mota\app\public\wp-includes\class-wp-customize-widgets.php on line 905
[05-Aug-2024 08:55:16 UTC] PHP Warning:  Attempt to read property "title" on null in C:\Users\Neda\Local Sites\nathalie-mota\app\public\wp-includes\class-wp-customize-widgets.php on line 905
[05-Aug-2024 08:55:48 UTC] PHP Warning:  Attempt to read property "title" on null in C:\Users\Neda\Local Sites\nathalie-mota\app\public\wp-includes\class-wp-customize-widgets.php on line 905
[05-Aug-2024 08:56:24 UTC] PHP Warning:  Attempt to read property "title" on null in C:\Users\Neda\Local Sites\nathalie-mota\app\public\wp-includes\class-wp-customize-widgets.php on line 905
[05-Aug-2024 08:59:42 UTC] PHP Warning:  Attempt to read property "title" on null in C:\Users\Neda\Local Sites\nathalie-mota\app\public\wp-includes\class-wp-customize-widgets.php on line 905
[05-Aug-2024 09:00:58 UTC] PHP Warning:  Attempt to read property "title" on null in C:\Users\Neda\Local Sites\nathalie-mota\app\public\wp-includes\class-wp-customize-widgets.php on line 905
[05-Aug-2024 09:01:59 UTC] PHP Warning:  Attempt to read property "title" on null in C:\Users\Neda\Local Sites\nathalie-mota\app\public\wp-includes\class-wp-customize-widgets.php on line 905
[05-Aug-2024 09:02:39 UTC] PHP Warning:  Attempt to read property "title" on null in C:\Users\Neda\Local Sites\nathalie-mota\app\public\wp-includes\class-wp-customize-widgets.php on line 905
[05-Aug-2024 09:03:08 UTC] PHP Warning:  Attempt to read property "title" on null in C:\Users\Neda\Local Sites\nathalie-mota\app\public\wp-includes\class-wp-customize-widgets.php on line 905
[05-Aug-2024 09:03:35 UTC] PHP Warning:  Attempt to read property "title" on null in C:\Users\Neda\Local Sites\nathalie-mota\app\public\wp-includes\class-wp-customize-widgets.php on line 905
[05-Aug-2024 09:04:03 UTC] PHP Warning:  Attempt to read property "title" on null in C:\Users\Neda\Local Sites\nathalie-mota\app\public\wp-includes\class-wp-customize-widgets.php on line 905
[05-Aug-2024 09:07:46 UTC] PHP Warning:  Attempt to read property "title" on null in C:\Users\Neda\Local Sites\nathalie-mota\app\public\wp-includes\class-wp-customize-widgets.php on line 905
[05-Aug-2024 09:08:03 UTC] PHP Warning:  Attempt to read property "title" on null in C:\Users\Neda\Local Sites\nathalie-mota\app\public\wp-includes\class-wp-customize-widgets.php on line 905
[05-Aug-2024 09:08:35 UTC] PHP Warning:  Attempt to read property "title" on null in C:\Users\Neda\Local Sites\nathalie-mota\app\public\wp-includes\class-wp-customize-widgets.php on line 905
[05-Aug-2024 09:08:59 UTC] PHP Warning:  Attempt to read property "title" on null in C:\Users\Neda\Local Sites\nathalie-mota\app\public\wp-includes\class-wp-customize-widgets.php on line 905
[05-Aug-2024 09:09:45 UTC] PHP Warning:  Attempt to read property "title" on null in C:\Users\Neda\Local Sites\nathalie-mota\app\public\wp-includes\class-wp-customize-widgets.php on line 905
[05-Aug-2024 09:10:21 UTC] PHP Warning:  Attempt to read property "title" on null in C:\Users\Neda\Local Sites\nathalie-mota\app\public\wp-includes\class-wp-customize-widgets.php on line 905
[05-Aug-2024 09:11:43 UTC] PHP Warning:  Attempt to read property "title" on null in C:\Users\Neda\Local Sites\nathalie-mota\app\public\wp-includes\class-wp-customize-widgets.php on line 905
[05-Aug-2024 09:15:53 UTC] PHP Warning:  Attempt to read property "title" on null in C:\Users\Neda\Local Sites\nathalie-mota\app\public\wp-includes\class-wp-customize-widgets.php on line 905
[05-Aug-2024 09:16:07 UTC] PHP Warning:  Attempt to read property "title" on null in C:\Users\Neda\Local Sites\nathalie-mota\app\public\wp-includes\class-wp-customize-widgets.php on line 905
[06-Aug-2024 08:30:00 UTC] PHP Warning:  Attempt to read property "title" on null in C:\Users\Neda\Local Sites\nathalie-mota\app\public\wp-includes\class-wp-customize-widgets.php on line 905
[06-Aug-2024 08:30:31 UTC] PHP Warning:  Attempt to read property "title" on null in C:\Users\Neda\Local Sites\nathalie-mota\app\public\wp-includes\class-wp-customize-widgets.php on line 905
[06-Aug-2024 08:31:02 UTC] PHP Warning:  Attempt to read property "title" on null in C:\Users\Neda\Local Sites\nathalie-mota\app\public\wp-includes\class-wp-customize-widgets.php on line 905
[06-Aug-2024 10:11:50 UTC] PHP Fatal error:  Uncaught TypeError: call_user_func_array(): Argument #1 ($callback) must be a valid callback, function "nathaliemota_enqueue_scripts" not found or invalid function name in C:\Users\Neda\Local Sites\nathalie-mota\app\public\wp-includes\class-wp-hook.php:324
Stack trace:
#0 C:\Users\Neda\Local Sites\nathalie-mota\app\public\wp-includes\class-wp-hook.php(348): WP_Hook->apply_filters(NULL, Array)
#1 C:\Users\Neda\Local Sites\nathalie-mota\app\public\wp-includes\plugin.php(517): WP_Hook->do_action(Array)
#2 C:\Users\Neda\Local Sites\nathalie-mota\app\public\wp-includes\script-loader.php(2263): do_action('wp_enqueue_scri...')
#3 C:\Users\Neda\Local Sites\nathalie-mota\app\public\wp-includes\class-wp-hook.php(324): wp_enqueue_scripts('')
#4 C:\Users\Neda\Local Sites\nathalie-mota\app\public\wp-includes\class-wp-hook.php(348): WP_Hook->apply_filters(NULL, Array)
#5 C:\Users\Neda\Local Sites\nathalie-mota\app\public\wp-includes\plugin.php(517): WP_Hook->do_action(Array)
#6 C:\Users\Neda\Local Sites\nathalie-mota\app\public\wp-includes\general-template.php(3065): do_action('wp_head')
#7 C:\Users\Neda\Local Sites\nathalie-mota\app\public\wp-content\themes\nathaliemota\header.php(7): wp_head()
#8 C:\Users\Neda\Local Sites\nathalie-mota\app\public\wp-includes\template.php(810): require_once('C:\\Users\\Neda\\L...')
#9 C:\Users\Neda\Local Sites\nathalie-mota\app\public\wp-includes\template.php(745): load_template('C:\\Users\\Neda\\L...', true, Array)
#10 C:\Users\Neda\Local Sites\nathalie-mota\app\public\wp-includes\general-template.php(48): locate_template(Array, true, true, Array)
#11 C:\Users\Neda\Local Sites\nathalie-mota\app\public\wp-content\themes\nathaliemota\front-page.php(3): get_header()
#12 C:\Users\Neda\Local Sites\nathalie-mota\app\public\wp-includes\template-loader.php(106): include('C:\\Users\\Neda\\L...')
#13 C:\Users\Neda\Local Sites\nathalie-mota\app\public\wp-blog-header.php(19): require_once('C:\\Users\\Neda\\L...')
#14 C:\Users\Neda\Local Sites\nathalie-mota\app\public\index.php(17): require('C:\\Users\\Neda\\L...')
#15 {main}
  thrown in C:\Users\Neda\Local Sites\nathalie-mota\app\public\wp-includes\class-wp-hook.php on line 324
[06-Aug-2024 10:12:28 UTC] PHP Fatal error:  Uncaught TypeError: call_user_func_array(): Argument #1 ($callback) must be a valid callback, function "nathaliemota_enqueue_scripts" not found or invalid function name in C:\Users\Neda\Local Sites\nathalie-mota\app\public\wp-includes\class-wp-hook.php:324
Stack trace:
#0 C:\Users\Neda\Local Sites\nathalie-mota\app\public\wp-includes\class-wp-hook.php(348): WP_Hook->apply_filters(NULL, Array)
#1 C:\Users\Neda\Local Sites\nathalie-mota\app\public\wp-includes\plugin.php(517): WP_Hook->do_action(Array)
#2 C:\Users\Neda\Local Sites\nathalie-mota\app\public\wp-includes\script-loader.php(2263): do_action('wp_enqueue_scri...')
#3 C:\Users\Neda\Local Sites\nathalie-mota\app\public\wp-includes\class-wp-hook.php(324): wp_enqueue_scripts('')
#4 C:\Users\Neda\Local Sites\nathalie-mota\app\public\wp-includes\class-wp-hook.php(348): WP_Hook->apply_filters(NULL, Array)
#5 C:\Users\Neda\Local Sites\nathalie-mota\app\public\wp-includes\plugin.php(517): WP_Hook->do_action(Array)
#6 C:\Users\Neda\Local Sites\nathalie-mota\app\public\wp-includes\general-template.php(3065): do_action('wp_head')
#7 C:\Users\Neda\Local Sites\nathalie-mota\app\public\wp-content\themes\nathaliemota\header.php(7): wp_head()
#8 C:\Users\Neda\Local Sites\nathalie-mota\app\public\wp-includes\template.php(810): require_once('C:\\Users\\Neda\\L...')
#9 C:\Users\Neda\Local Sites\nathalie-mota\app\public\wp-includes\template.php(745): load_template('C:\\Users\\Neda\\L...', true, Array)
#10 C:\Users\Neda\Local Sites\nathalie-mota\app\public\wp-includes\general-template.php(48): locate_template(Array, true, true, Array)
#11 C:\Users\Neda\Local Sites\nathalie-mota\app\public\wp-content\themes\nathaliemota\front-page.php(3): get_header()
#12 C:\Users\Neda\Local Sites\nathalie-mota\app\public\wp-includes\template-loader.php(106): include('C:\\Users\\Neda\\L...')
#13 C:\Users\Neda\Local Sites\nathalie-mota\app\public\wp-blog-header.php(19): require_once('C:\\Users\\Neda\\L...')
#14 C:\Users\Neda\Local Sites\nathalie-mota\app\public\index.php(17): require('C:\\Users\\Neda\\L...')
#15 {main}
  thrown in C:\Users\Neda\Local Sites\nathalie-mota\app\public\wp-includes\class-wp-hook.php on line 324
[06-Aug-2024 10:12:29 UTC] PHP Fatal error:  Uncaught TypeError: call_user_func_array(): Argument #1 ($callback) must be a valid callback, function "nathaliemota_enqueue_scripts" not found or invalid function name in C:\Users\Neda\Local Sites\nathalie-mota\app\public\wp-includes\class-wp-hook.php:324
Stack trace:
#0 C:\Users\Neda\Local Sites\nathalie-mota\app\public\wp-includes\class-wp-hook.php(348): WP_Hook->apply_filters(NULL, Array)
#1 C:\Users\Neda\Local Sites\nathalie-mota\app\public\wp-includes\plugin.php(517): WP_Hook->do_action(Array)
#2 C:\Users\Neda\Local Sites\nathalie-mota\app\public\wp-includes\script-loader.php(2263): do_action('wp_enqueue_scri...')
#3 C:\Users\Neda\Local Sites\nathalie-mota\app\public\wp-includes\class-wp-hook.php(324): wp_enqueue_scripts('')
#4 C:\Users\Neda\Local Sites\nathalie-mota\app\public\wp-includes\class-wp-hook.php(348): WP_Hook->apply_filters(NULL, Array)
#5 C:\Users\Neda\Local Sites\nathalie-mota\app\public\wp-includes\plugin.php(517): WP_Hook->do_action(Array)
#6 C:\Users\Neda\Local Sites\nathalie-mota\app\public\wp-includes\general-template.php(3065): do_action('wp_head')
#7 C:\Users\Neda\Local Sites\nathalie-mota\app\public\wp-content\themes\nathaliemota\header.php(7): wp_head()
#8 C:\Users\Neda\Local Sites\nathalie-mota\app\public\wp-includes\template.php(810): require_once('C:\\Users\\Neda\\L...')
#9 C:\Users\Neda\Local Sites\nathalie-mota\app\public\wp-includes\template.php(745): load_template('C:\\Users\\Neda\\L...', true, Array)
#10 C:\Users\Neda\Local Sites\nathalie-mota\app\public\wp-includes\general-template.php(48): locate_template(Array, true, true, Array)
#11 C:\Users\Neda\Local Sites\nathalie-mota\app\public\wp-content\themes\nathaliemota\front-page.php(3): get_header()
#12 C:\Users\Neda\Local Sites\nathalie-mota\app\public\wp-includes\template-loader.php(106): include('C:\\Users\\Neda\\L...')
#13 C:\Users\Neda\Local Sites\nathalie-mota\app\public\wp-blog-header.php(19): require_once('C:\\Users\\Neda\\L...')
#14 C:\Users\Neda\Local Sites\nathalie-mota\app\public\index.php(17): require('C:\\Users\\Neda\\L...')
#15 {main}
  thrown in C:\Users\Neda\Local Sites\nathalie-mota\app\public\wp-includes\class-wp-hook.php on line 324
[06-Aug-2024 10:13:37 UTC] PHP Fatal error:  Uncaught TypeError: call_user_func_array(): Argument #1 ($callback) must be a valid callback, function "nathaliemota_enqueue_scripts" not found or invalid function name in C:\Users\Neda\Local Sites\nathalie-mota\app\public\wp-includes\class-wp-hook.php:324
Stack trace:
#0 C:\Users\Neda\Local Sites\nathalie-mota\app\public\wp-includes\class-wp-hook.php(348): WP_Hook->apply_filters(NULL, Array)
#1 C:\Users\Neda\Local Sites\nathalie-mota\app\public\wp-includes\plugin.php(517): WP_Hook->do_action(Array)
#2 C:\Users\Neda\Local Sites\nathalie-mota\app\public\wp-includes\script-loader.php(2263): do_action('wp_enqueue_scri...')
#3 C:\Users\Neda\Local Sites\nathalie-mota\app\public\wp-includes\class-wp-hook.php(324): wp_enqueue_scripts('')
#4 C:\Users\Neda\Local Sites\nathalie-mota\app\public\wp-includes\class-wp-hook.php(348): WP_Hook->apply_filters(NULL, Array)
#5 C:\Users\Neda\Local Sites\nathalie-mota\app\public\wp-includes\plugin.php(517): WP_Hook->do_action(Array)
#6 C:\Users\Neda\Local Sites\nathalie-mota\app\public\wp-includes\general-template.php(3065): do_action('wp_head')
#7 C:\Users\Neda\Local Sites\nathalie-mota\app\public\wp-content\themes\nathaliemota\header.php(7): wp_head()
#8 C:\Users\Neda\Local Sites\nathalie-mota\app\public\wp-includes\template.php(810): require_once('C:\\Users\\Neda\\L...')
#9 C:\Users\Neda\Local Sites\nathalie-mota\app\public\wp-includes\template.php(745): load_template('C:\\Users\\Neda\\L...', true, Array)
#10 C:\Users\Neda\Local Sites\nathalie-mota\app\public\wp-includes\general-template.php(48): locate_template(Array, true, true, Array)
#11 C:\Users\Neda\Local Sites\nathalie-mota\app\public\wp-content\themes\nathaliemota\front-page.php(3): get_header()
#12 C:\Users\Neda\Local Sites\nathalie-mota\app\public\wp-includes\template-loader.php(106): include('C:\\Users\\Neda\\L...')
#13 C:\Users\Neda\Local Sites\nathalie-mota\app\public\wp-blog-header.php(19): require_once('C:\\Users\\Neda\\L...')
#14 C:\Users\Neda\Local Sites\nathalie-mota\app\public\index.php(17): require('C:\\Users\\Neda\\L...')
#15 {main}
  thrown in C:\Users\Neda\Local Sites\nathalie-mota\app\public\wp-includes\class-wp-hook.php on line 324
[06-Aug-2024 10:13:58 UTC] PHP Fatal error:  Uncaught TypeError: call_user_func_array(): Argument #1 ($callback) must be a valid callback, function "my-theme_enqueue_scripts" not found or invalid function name in C:\Users\Neda\Local Sites\nathalie-mota\app\public\wp-includes\class-wp-hook.php:324
Stack trace:
#0 C:\Users\Neda\Local Sites\nathalie-mota\app\public\wp-includes\class-wp-hook.php(348): WP_Hook->apply_filters(NULL, Array)
#1 C:\Users\Neda\Local Sites\nathalie-mota\app\public\wp-includes\plugin.php(517): WP_Hook->do_action(Array)
#2 C:\Users\Neda\Local Sites\nathalie-mota\app\public\wp-includes\script-loader.php(2263): do_action('wp_enqueue_scri...')
#3 C:\Users\Neda\Local Sites\nathalie-mota\app\public\wp-includes\class-wp-hook.php(324): wp_enqueue_scripts('')
#4 C:\Users\Neda\Local Sites\nathalie-mota\app\public\wp-includes\class-wp-hook.php(348): WP_Hook->apply_filters(NULL, Array)
#5 C:\Users\Neda\Local Sites\nathalie-mota\app\public\wp-includes\plugin.php(517): WP_Hook->do_action(Array)
#6 C:\Users\Neda\Local Sites\nathalie-mota\app\public\wp-includes\general-template.php(3065): do_action('wp_head')
#7 C:\Users\Neda\Local Sites\nathalie-mota\app\public\wp-content\themes\nathaliemota\header.php(7): wp_head()
#8 C:\Users\Neda\Local Sites\nathalie-mota\app\public\wp-includes\template.php(810): require_once('C:\\Users\\Neda\\L...')
#9 C:\Users\Neda\Local Sites\nathalie-mota\app\public\wp-includes\template.php(745): load_template('C:\\Users\\Neda\\L...', true, Array)
#10 C:\Users\Neda\Local Sites\nathalie-mota\app\public\wp-includes\general-template.php(48): locate_template(Array, true, true, Array)
#11 C:\Users\Neda\Local Sites\nathalie-mota\app\public\wp-content\themes\nathaliemota\front-page.php(3): get_header()
#12 C:\Users\Neda\Local Sites\nathalie-mota\app\public\wp-includes\template-loader.php(106): include('C:\\Users\\Neda\\L...')
#13 C:\Users\Neda\Local Sites\nathalie-mota\app\public\wp-blog-header.php(19): require_once('C:\\Users\\Neda\\L...')
#14 C:\Users\Neda\Local Sites\nathalie-mota\app\public\index.php(17): require('C:\\Users\\Neda\\L...')
#15 {main}
  thrown in C:\Users\Neda\Local Sites\nathalie-mota\app\public\wp-includes\class-wp-hook.php on line 324
[06-Aug-2024 10:14:00 UTC] PHP Fatal error:  Uncaught TypeError: call_user_func_array(): Argument #1 ($callback) must be a valid callback, function "my-theme_enqueue_scripts" not found or invalid function name in C:\Users\Neda\Local Sites\nathalie-mota\app\public\wp-includes\class-wp-hook.php:324
Stack trace:
#0 C:\Users\Neda\Local Sites\nathalie-mota\app\public\wp-includes\class-wp-hook.php(348): WP_Hook->apply_filters(NULL, Array)
#1 C:\Users\Neda\Local Sites\nathalie-mota\app\public\wp-includes\plugin.php(517): WP_Hook->do_action(Array)
#2 C:\Users\Neda\Local Sites\nathalie-mota\app\public\wp-includes\script-loader.php(2263): do_action('wp_enqueue_scri...')
#3 C:\Users\Neda\Local Sites\nathalie-mota\app\public\wp-includes\class-wp-hook.php(324): wp_enqueue_scripts('')
#4 C:\Users\Neda\Local Sites\nathalie-mota\app\public\wp-includes\class-wp-hook.php(348): WP_Hook->apply_filters(NULL, Array)
#5 C:\Users\Neda\Local Sites\nathalie-mota\app\public\wp-includes\plugin.php(517): WP_Hook->do_action(Array)
#6 C:\Users\Neda\Local Sites\nathalie-mota\app\public\wp-includes\general-template.php(3065): do_action('wp_head')
#7 C:\Users\Neda\Local Sites\nathalie-mota\app\public\wp-content\themes\nathaliemota\header.php(7): wp_head()
#8 C:\Users\Neda\Local Sites\nathalie-mota\app\public\wp-includes\template.php(810): require_once('C:\\Users\\Neda\\L...')
#9 C:\Users\Neda\Local Sites\nathalie-mota\app\public\wp-includes\template.php(745): load_template('C:\\Users\\Neda\\L...', true, Array)
#10 C:\Users\Neda\Local Sites\nathalie-mota\app\public\wp-includes\general-template.php(48): locate_template(Array, true, true, Array)
#11 C:\Users\Neda\Local Sites\nathalie-mota\app\public\wp-content\themes\nathaliemota\front-page.php(3): get_header()
#12 C:\Users\Neda\Local Sites\nathalie-mota\app\public\wp-includes\template-loader.php(106): include('C:\\Users\\Neda\\L...')
#13 C:\Users\Neda\Local Sites\nathalie-mota\app\public\wp-blog-header.php(19): require_once('C:\\Users\\Neda\\L...')
#14 C:\Users\Neda\Local Sites\nathalie-mota\app\public\index.php(17): require('C:\\Users\\Neda\\L...')
#15 {main}
  thrown in C:\Users\Neda\Local Sites\nathalie-mota\app\public\wp-includes\class-wp-hook.php on line 324
[06-Aug-2024 10:14:26 UTC] PHP Fatal error:  Uncaught TypeError: call_user_func_array(): Argument #1 ($callback) must be a valid callback, function "my-theme_enqueue_scripts" not found or invalid function name in C:\Users\Neda\Local Sites\nathalie-mota\app\public\wp-includes\class-wp-hook.php:324
Stack trace:
#0 C:\Users\Neda\Local Sites\nathalie-mota\app\public\wp-includes\class-wp-hook.php(348): WP_Hook->apply_filters(NULL, Array)
#1 C:\Users\Neda\Local Sites\nathalie-mota\app\public\wp-includes\plugin.php(517): WP_Hook->do_action(Array)
#2 C:\Users\Neda\Local Sites\nathalie-mota\app\public\wp-includes\script-loader.php(2263): do_action('wp_enqueue_scri...')
#3 C:\Users\Neda\Local Sites\nathalie-mota\app\public\wp-includes\class-wp-hook.php(324): wp_enqueue_scripts('')
#4 C:\Users\Neda\Local Sites\nathalie-mota\app\public\wp-includes\class-wp-hook.php(348): WP_Hook->apply_filters(NULL, Array)
#5 C:\Users\Neda\Local Sites\nathalie-mota\app\public\wp-includes\plugin.php(517): WP_Hook->do_action(Array)
#6 C:\Users\Neda\Local Sites\nathalie-mota\app\public\wp-includes\general-template.php(3065): do_action('wp_head')
#7 C:\Users\Neda\Local Sites\nathalie-mota\app\public\wp-content\themes\nathaliemota\header.php(7): wp_head()
#8 C:\Users\Neda\Local Sites\nathalie-mota\app\public\wp-includes\template.php(810): require_once('C:\\Users\\Neda\\L...')
#9 C:\Users\Neda\Local Sites\nathalie-mota\app\public\wp-includes\template.php(745): load_template('C:\\Users\\Neda\\L...', true, Array)
#10 C:\Users\Neda\Local Sites\nathalie-mota\app\public\wp-includes\general-template.php(48): locate_template(Array, true, true, Array)
#11 C:\Users\Neda\Local Sites\nathalie-mota\app\public\wp-content\themes\nathaliemota\front-page.php(3): get_header()
#12 C:\Users\Neda\Local Sites\nathalie-mota\app\public\wp-includes\template-loader.php(106): include('C:\\Users\\Neda\\L...')
#13 C:\Users\Neda\Local Sites\nathalie-mota\app\public\wp-blog-header.php(19): require_once('C:\\Users\\Neda\\L...')
#14 C:\Users\Neda\Local Sites\nathalie-mota\app\public\index.php(17): require('C:\\Users\\Neda\\L...')
#15 {main}
  thrown in C:\Users\Neda\Local Sites\nathalie-mota\app\public\wp-includes\class-wp-hook.php on line 324
[06-Aug-2024 10:14:33 UTC] PHP Fatal error:  Uncaught TypeError: call_user_func_array(): Argument #1 ($callback) must be a valid callback, function "my-theme_enqueue_scripts" not found or invalid function name in C:\Users\Neda\Local Sites\nathalie-mota\app\public\wp-includes\class-wp-hook.php:324
Stack trace:
#0 C:\Users\Neda\Local Sites\nathalie-mota\app\public\wp-includes\class-wp-hook.php(348): WP_Hook->apply_filters(NULL, Array)
#1 C:\Users\Neda\Local Sites\nathalie-mota\app\public\wp-includes\plugin.php(517): WP_Hook->do_action(Array)
#2 C:\Users\Neda\Local Sites\nathalie-mota\app\public\wp-includes\script-loader.php(2263): do_action('wp_enqueue_scri...')
#3 C:\Users\Neda\Local Sites\nathalie-mota\app\public\wp-includes\class-wp-hook.php(324): wp_enqueue_scripts('')
#4 C:\Users\Neda\Local Sites\nathalie-mota\app\public\wp-includes\class-wp-hook.php(348): WP_Hook->apply_filters(NULL, Array)
#5 C:\Users\Neda\Local Sites\nathalie-mota\app\public\wp-includes\plugin.php(517): WP_Hook->do_action(Array)
#6 C:\Users\Neda\Local Sites\nathalie-mota\app\public\wp-includes\general-template.php(3065): do_action('wp_head')
#7 C:\Users\Neda\Local Sites\nathalie-mota\app\public\wp-content\themes\nathaliemota\header.php(7): wp_head()
#8 C:\Users\Neda\Local Sites\nathalie-mota\app\public\wp-includes\template.php(810): require_once('C:\\Users\\Neda\\L...')
#9 C:\Users\Neda\Local Sites\nathalie-mota\app\public\wp-includes\template.php(745): load_template('C:\\Users\\Neda\\L...', true, Array)
#10 C:\Users\Neda\Local Sites\nathalie-mota\app\public\wp-includes\general-template.php(48): locate_template(Array, true, true, Array)
#11 C:\Users\Neda\Local Sites\nathalie-mota\app\public\wp-content\themes\nathaliemota\front-page.php(3): get_header()
#12 C:\Users\Neda\Local Sites\nathalie-mota\app\public\wp-includes\template-loader.php(106): include('C:\\Users\\Neda\\L...')
#13 C:\Users\Neda\Local Sites\nathalie-mota\app\public\wp-blog-header.php(19): require_once('C:\\Users\\Neda\\L...')
#14 C:\Users\Neda\Local Sites\nathalie-mota\app\public\index.php(17): require('C:\\Users\\Neda\\L...')
#15 {main}
  thrown in C:\Users\Neda\Local Sites\nathalie-mota\app\public\wp-includes\class-wp-hook.php on line 324
[06-Aug-2024 10:19:16 UTC] PHP Warning:  Attempt to read property "title" on null in C:\Users\Neda\Local Sites\nathalie-mota\app\public\wp-includes\class-wp-customize-widgets.php on line 905
[06-Aug-2024 10:20:02 UTC] PHP Warning:  Attempt to read property "title" on null in C:\Users\Neda\Local Sites\nathalie-mota\app\public\wp-includes\class-wp-customize-widgets.php on line 905
[06-Aug-2024 10:23:18 UTC] PHP Warning:  Attempt to read property "title" on null in C:\Users\Neda\Local Sites\nathalie-mota\app\public\wp-includes\class-wp-customize-widgets.php on line 905
[06-Aug-2024 10:23:32 UTC] PHP Warning:  Attempt to read property "title" on null in C:\Users\Neda\Local Sites\nathalie-mota\app\public\wp-includes\class-wp-customize-widgets.php on line 905
[06-Aug-2024 10:24:03 UTC] PHP Warning:  Attempt to read property "title" on null in C:\Users\Neda\Local Sites\nathalie-mota\app\public\wp-includes\class-wp-customize-widgets.php on line 905
[06-Aug-2024 10:37:50 UTC] PHP Warning:  Attempt to read property "slug" on array in C:\Users\Neda\Local Sites\nathalie-mota\app\public\wp-content\themes\nathaliemota\front-page.php on line 63
[06-Aug-2024 10:37:50 UTC] PHP Warning:  Attempt to read property "name" on array in C:\Users\Neda\Local Sites\nathalie-mota\app\public\wp-content\themes\nathaliemota\front-page.php on line 63
[06-Aug-2024 10:37:50 UTC] PHP Warning:  Attempt to read property "slug" on array in C:\Users\Neda\Local Sites\nathalie-mota\app\public\wp-content\themes\nathaliemota\front-page.php on line 63
[06-Aug-2024 10:37:50 UTC] PHP Warning:  Attempt to read property "name" on array in C:\Users\Neda\Local Sites\nathalie-mota\app\public\wp-content\themes\nathaliemota\front-page.php on line 63
[06-Aug-2024 10:37:52 UTC] PHP Warning:  Attempt to read property "slug" on array in C:\Users\Neda\Local Sites\nathalie-mota\app\public\wp-content\themes\nathaliemota\front-page.php on line 63
[06-Aug-2024 10:37:52 UTC] PHP Warning:  Attempt to read property "name" on array in C:\Users\Neda\Local Sites\nathalie-mota\app\public\wp-content\themes\nathaliemota\front-page.php on line 63
[06-Aug-2024 10:37:52 UTC] PHP Warning:  Attempt to read property "slug" on array in C:\Users\Neda\Local Sites\nathalie-mota\app\public\wp-content\themes\nathaliemota\front-page.php on line 63
[06-Aug-2024 10:37:52 UTC] PHP Warning:  Attempt to read property "name" on array in C:\Users\Neda\Local Sites\nathalie-mota\app\public\wp-content\themes\nathaliemota\front-page.php on line 63
[06-Aug-2024 10:54:35 UTC] PHP Warning:  Attempt to read property "title" on null in C:\Users\Neda\Local Sites\nathalie-mota\app\public\wp-includes\class-wp-customize-widgets.php on line 905
[06-Aug-2024 10:55:38 UTC] PHP Warning:  Attempt to read property "title" on null in C:\Users\Neda\Local Sites\nathalie-mota\app\public\wp-includes\class-wp-customize-widgets.php on line 905
[06-Aug-2024 11:07:54 UTC] PHP Warning:  Attempt to read property "title" on null in C:\Users\Neda\Local Sites\nathalie-mota\app\public\wp-includes\class-wp-customize-widgets.php on line 905
[06-Aug-2024 11:17:30 UTC] PHP Warning:  Attempt to read property "title" on null in C:\Users\Neda\Local Sites\nathalie-mota\app\public\wp-includes\class-wp-customize-widgets.php on line 905
[06-Aug-2024 11:17:51 UTC] PHP Warning:  Attempt to read property "title" on null in C:\Users\Neda\Local Sites\nathalie-mota\app\public\wp-includes\class-wp-customize-widgets.php on line 905
[06-Aug-2024 11:20:41 UTC] PHP Warning:  Attempt to read property "title" on null in C:\Users\Neda\Local Sites\nathalie-mota\app\public\wp-includes\class-wp-customize-widgets.php on line 905
[06-Aug-2024 11:23:19 UTC] PHP Warning:  Attempt to read property "title" on null in C:\Users\Neda\Local Sites\nathalie-mota\app\public\wp-includes\class-wp-customize-widgets.php on line 905
[06-Aug-2024 11:24:06 UTC] PHP Warning:  Attempt to read property "title" on null in C:\Users\Neda\Local Sites\nathalie-mota\app\public\wp-includes\class-wp-customize-widgets.php on line 905
[06-Aug-2024 11:28:54 UTC] Loading page: 2
[06-Aug-2024 11:28:59 UTC] Loading page: 3
[06-Aug-2024 11:29:41 UTC] Loading page: 2
[06-Aug-2024 11:30:35 UTC] Loading page: 2
[06-Aug-2024 11:40:03 UTC] PHP Warning:  Attempt to read property "title" on null in C:\Users\Neda\Local Sites\nathalie-mota\app\public\wp-includes\class-wp-customize-widgets.php on line 905
[06-Aug-2024 11:42:52 UTC] PHP Warning:  Attempt to read property "title" on null in C:\Users\Neda\Local Sites\nathalie-mota\app\public\wp-includes\class-wp-customize-widgets.php on line 905
[06-Aug-2024 11:45:43 UTC] Loading page: 2
[06-Aug-2024 11:47:52 UTC] Loading page: 2
[06-Aug-2024 11:51:10 UTC] Loading page: 2
[06-Aug-2024 13:02:33 UTC] PHP Warning:  Attempt to read property "title" on null in C:\Users\Neda\Local Sites\nathalie-mota\app\public\wp-includes\class-wp-customize-widgets.php on line 905
[06-Aug-2024 13:03:05 UTC] PHP Warning:  Attempt to read property "title" on null in C:\Users\Neda\Local Sites\nathalie-mota\app\public\wp-includes\class-wp-customize-widgets.php on line 905
[06-Aug-2024 13:04:44 UTC] PHP Warning:  Attempt to read property "title" on null in C:\Users\Neda\Local Sites\nathalie-mota\app\public\wp-includes\class-wp-customize-widgets.php on line 905
[06-Aug-2024 13:05:30 UTC] PHP Warning:  Attempt to read property "title" on null in C:\Users\Neda\Local Sites\nathalie-mota\app\public\wp-includes\class-wp-customize-widgets.php on line 905
[06-Aug-2024 13:11:14 UTC] PHP Warning:  Attempt to read property "title" on null in C:\Users\Neda\Local Sites\nathalie-mota\app\public\wp-includes\class-wp-customize-widgets.php on line 905
[06-Aug-2024 13:13:15 UTC] PHP Warning:  Attempt to read property "title" on null in C:\Users\Neda\Local Sites\nathalie-mota\app\public\wp-includes\class-wp-customize-widgets.php on line 905
[06-Aug-2024 13:17:25 UTC] PHP Warning:  Attempt to read property "title" on null in C:\Users\Neda\Local Sites\nathalie-mota\app\public\wp-includes\class-wp-customize-widgets.php on line 905
[06-Aug-2024 13:19:12 UTC] PHP Warning:  Attempt to read property "title" on null in C:\Users\Neda\Local Sites\nathalie-mota\app\public\wp-includes\class-wp-customize-widgets.php on line 905
[06-Aug-2024 13:19:48 UTC] PHP Warning:  Attempt to read property "title" on null in C:\Users\Neda\Local Sites\nathalie-mota\app\public\wp-includes\class-wp-customize-widgets.php on line 905
[06-Aug-2024 13:22:43 UTC] PHP Warning:  Undefined variable $categories in C:\Users\Neda\Local Sites\nathalie-mota\app\public\wp-content\themes\nathaliemota\front-page.php on line 50
[06-Aug-2024 13:22:43 UTC] PHP Warning:  foreach() argument must be of type array|object, null given in C:\Users\Neda\Local Sites\nathalie-mota\app\public\wp-content\themes\nathaliemota\front-page.php on line 50
[06-Aug-2024 13:22:43 UTC] PHP Warning:  Undefined variable $formats in C:\Users\Neda\Local Sites\nathalie-mota\app\public\wp-content\themes\nathaliemota\front-page.php on line 59
[06-Aug-2024 13:22:43 UTC] PHP Warning:  foreach() argument must be of type array|object, null given in C:\Users\Neda\Local Sites\nathalie-mota\app\public\wp-content\themes\nathaliemota\front-page.php on line 59
[06-Aug-2024 13:22:43 UTC] PHP Warning:  Undefined variable $trierpars in C:\Users\Neda\Local Sites\nathalie-mota\app\public\wp-content\themes\nathaliemota\front-page.php on line 70
[06-Aug-2024 13:22:43 UTC] PHP Warning:  foreach() argument must be of type array|object, null given in C:\Users\Neda\Local Sites\nathalie-mota\app\public\wp-content\themes\nathaliemota\front-page.php on line 70
[06-Aug-2024 13:24:07 UTC] PHP Warning:  Undefined variable $categories in C:\Users\Neda\Local Sites\nathalie-mota\app\public\wp-content\themes\nathaliemota\front-page.php on line 50
[06-Aug-2024 13:24:07 UTC] PHP Warning:  foreach() argument must be of type array|object, null given in C:\Users\Neda\Local Sites\nathalie-mota\app\public\wp-content\themes\nathaliemota\front-page.php on line 50
[06-Aug-2024 13:24:07 UTC] PHP Warning:  Undefined variable $formats in C:\Users\Neda\Local Sites\nathalie-mota\app\public\wp-content\themes\nathaliemota\front-page.php on line 59
[06-Aug-2024 13:24:07 UTC] PHP Warning:  foreach() argument must be of type array|object, null given in C:\Users\Neda\Local Sites\nathalie-mota\app\public\wp-content\themes\nathaliemota\front-page.php on line 59
[06-Aug-2024 13:25:57 UTC] Loading page: 2
[06-Aug-2024 13:32:22 UTC] PHP Warning:  Attempt to read property "title" on null in C:\Users\Neda\Local Sites\nathalie-mota\app\public\wp-includes\class-wp-customize-widgets.php on line 905
[06-Aug-2024 13:36:23 UTC] PHP Warning:  Attempt to read property "title" on null in C:\Users\Neda\Local Sites\nathalie-mota\app\public\wp-includes\class-wp-customize-widgets.php on line 905
[06-Aug-2024 13:36:50 UTC] PHP Warning:  Attempt to read property "title" on null in C:\Users\Neda\Local Sites\nathalie-mota\app\public\wp-includes\class-wp-customize-widgets.php on line 905
[06-Aug-2024 13:37:09 UTC] PHP Warning:  Attempt to read property "title" on null in C:\Users\Neda\Local Sites\nathalie-mota\app\public\wp-includes\class-wp-customize-widgets.php on line 905
[06-Aug-2024 14:19:18 UTC] Loading page: 2
[06-Aug-2024 14:19:27 UTC] Loading page: 3
[06-Aug-2024 18:56:06 UTC] PHP Warning:  Undefined variable $reference in C:\Users\Neda\Local Sites\nathalie-mota\app\public\wp-content\themes\nathaliemota\single-photo.php on line 52
[06-Aug-2024 19:02:27 UTC] PHP Warning:  Undefined variable $reference in C:\Users\Neda\Local Sites\nathalie-mota\app\public\wp-content\themes\nathaliemota\single-photo.php on line 52
[06-Aug-2024 19:02:27 UTC] PHP Warning:  include(pop-up.php): Failed to open stream: No such file or directory in C:\Users\Neda\Local Sites\nathalie-mota\app\public\wp-content\themes\nathaliemota\single-photo.php on line 55
[06-Aug-2024 19:02:27 UTC] PHP Warning:  include(): Failed opening 'pop-up.php' for inclusion (include_path='.:/usr/share/php:/www/wp-content/pear') in C:\Users\Neda\Local Sites\nathalie-mota\app\public\wp-content\themes\nathaliemota\single-photo.php on line 55
[06-Aug-2024 19:02:58 UTC] PHP Warning:  Undefined variable $reference in C:\Users\Neda\Local Sites\nathalie-mota\app\public\wp-content\themes\nathaliemota\single-photo.php on line 52
[06-Aug-2024 19:05:38 UTC] PHP Warning:  Undefined variable $reference in C:\Users\Neda\Local Sites\nathalie-mota\app\public\wp-content\themes\nathaliemota\single-photo.php on line 52
[06-Aug-2024 19:11:35 UTC] PHP Warning:  Undefined variable $reference in C:\Users\Neda\Local Sites\nathalie-mota\app\public\wp-content\themes\nathaliemota\single-photo.php on line 53
[06-Aug-2024 19:14:34 UTC] PHP Warning:  Undefined variable $reference in C:\Users\Neda\Local Sites\nathalie-mota\app\public\wp-content\themes\nathaliemota\single-photo.php on line 53
[06-Aug-2024 19:15:41 UTC] PHP Warning:  Undefined variable $reference in C:\Users\Neda\Local Sites\nathalie-mota\app\public\wp-content\themes\nathaliemota\single-photo.php on line 53
[06-Aug-2024 19:16:02 UTC] PHP Warning:  Undefined variable $reference in C:\Users\Neda\Local Sites\nathalie-mota\app\public\wp-content\themes\nathaliemota\single-photo.php on line 53
[06-Aug-2024 19:16:33 UTC] PHP Warning:  Undefined variable $reference in C:\Users\Neda\Local Sites\nathalie-mota\app\public\wp-content\themes\nathaliemota\single-photo.php on line 53
[06-Aug-2024 19:17:23 UTC] PHP Warning:  Attempt to read property "title" on null in C:\Users\Neda\Local Sites\nathalie-mota\app\public\wp-includes\class-wp-customize-widgets.php on line 905
[06-Aug-2024 19:17:37 UTC] PHP Warning:  Undefined variable $reference in C:\Users\Neda\Local Sites\nathalie-mota\app\public\wp-content\themes\nathaliemota\single-photo.php on line 53
[06-Aug-2024 19:20:14 UTC] PHP Warning:  Undefined variable $reference in C:\Users\Neda\Local Sites\nathalie-mota\app\public\wp-content\themes\nathaliemota\single-photo.php on line 53
[06-Aug-2024 19:21:09 UTC] PHP Warning:  Undefined variable $reference in C:\Users\Neda\Local Sites\nathalie-mota\app\public\wp-content\themes\nathaliemota\single-photo.php on line 53
[07-Aug-2024 08:28:14 UTC] PHP Warning:  Attempt to read property "title" on null in C:\Users\Neda\Local Sites\nathalie-mota\app\public\wp-includes\class-wp-customize-widgets.php on line 905
[07-Aug-2024 08:29:34 UTC] PHP Warning:  Attempt to read property "title" on null in C:\Users\Neda\Local Sites\nathalie-mota\app\public\wp-includes\class-wp-customize-widgets.php on line 905
[07-Aug-2024 08:30:09 UTC] PHP Warning:  Attempt to read property "title" on null in C:\Users\Neda\Local Sites\nathalie-mota\app\public\wp-includes\class-wp-customize-widgets.php on line 905
[07-Aug-2024 08:30:28 UTC] PHP Warning:  Attempt to read property "title" on null in C:\Users\Neda\Local Sites\nathalie-mota\app\public\wp-includes\class-wp-customize-widgets.php on line 905
[07-Aug-2024 08:30:51 UTC] PHP Warning:  Attempt to read property "title" on null in C:\Users\Neda\Local Sites\nathalie-mota\app\public\wp-includes\class-wp-customize-widgets.php on line 905
[07-Aug-2024 08:35:59 UTC] PHP Warning:  Attempt to read property "title" on null in C:\Users\Neda\Local Sites\nathalie-mota\app\public\wp-includes\class-wp-customize-widgets.php on line 905
[07-Aug-2024 08:36:19 UTC] PHP Warning:  Attempt to read property "title" on null in C:\Users\Neda\Local Sites\nathalie-mota\app\public\wp-includes\class-wp-customize-widgets.php on line 905
[07-Aug-2024 08:39:53 UTC] PHP Warning:  Attempt to read property "title" on null in C:\Users\Neda\Local Sites\nathalie-mota\app\public\wp-includes\class-wp-customize-widgets.php on line 905
[07-Aug-2024 08:40:12 UTC] PHP Warning:  Attempt to read property "title" on null in C:\Users\Neda\Local Sites\nathalie-mota\app\public\wp-includes\class-wp-customize-widgets.php on line 905
[07-Aug-2024 08:40:41 UTC] PHP Warning:  Attempt to read property "title" on null in C:\Users\Neda\Local Sites\nathalie-mota\app\public\wp-includes\class-wp-customize-widgets.php on line 905
[07-Aug-2024 08:41:39 UTC] PHP Warning:  Attempt to read property "title" on null in C:\Users\Neda\Local Sites\nathalie-mota\app\public\wp-includes\class-wp-customize-widgets.php on line 905
[07-Aug-2024 08:42:21 UTC] PHP Warning:  Attempt to read property "title" on null in C:\Users\Neda\Local Sites\nathalie-mota\app\public\wp-includes\class-wp-customize-widgets.php on line 905
[07-Aug-2024 09:02:48 UTC] PHP Warning:  Undefined variable $reference in C:\Users\Neda\Local Sites\nathalie-mota\app\public\wp-content\themes\nathaliemota\single-photo.php on line 53
[07-Aug-2024 09:03:37 UTC] PHP Warning:  Undefined variable $reference in C:\Users\Neda\Local Sites\nathalie-mota\app\public\wp-content\themes\nathaliemota\single-photo.php on line 53
[07-Aug-2024 09:03:59 UTC] PHP Warning:  Undefined variable $reference in C:\Users\Neda\Local Sites\nathalie-mota\app\public\wp-content\themes\nathaliemota\single-photo.php on line 53
[07-Aug-2024 09:10:02 UTC] PHP Warning:  Undefined variable $reference in C:\Users\Neda\Local Sites\nathalie-mota\app\public\wp-content\themes\nathaliemota\single-photo.php on line 56
[10-Aug-2024 07:33:17 UTC] Loading page: 2
